PS C:\Users\{username}\my-env\settings\vscode-extensions> .\install-vscode-extensions.ps1

FaroSystemAppender constructor
Installing extensions...
Extension 'aslamanver.vsc-export' not found.
Make sure you use the full extension ID, including the publisher, e.g.: ms-dotnettools.csharp
Failed Installing Extensions: aslamanver.vsc-export

FaroSystemAppender constructor
Installing extensions...
Extension 'ms-vscode-remote.vscode-remote-extensionpack' not found.
Make sure you use the full extension ID, including the publisher, e.g.: ms-dotnettools.csharp
Failed Installing Extensions: ms-vscode-remote.vscode-remote-extensionpack

FaroSystemAppender constructor
Installing extensions...
Installing extension 'ms-azuretools.vscode-docker'...
Extension 'ms-azuretools.vscode-docker' v1.29.2 was successfully installed.

FaroSystemAppender constructor
Installing extensions...
Extension 'ms-vsliveshare.vsliveshare' not found.
Make sure you use the full extension ID, including the publisher, e.g.: ms-dotnettools.csharp
Failed Installing Extensions: ms-vsliveshare.vsliveshare

FaroSystemAppender constructor
Installing extensions...
Installing extension 'adpyke.codesnap'...
Extension 'adpyke.codesnap' v1.3.4 was successfully installed.

FaroSystemAppender constructor
Installing extensions...
Installing extension 'pkief.material-icon-theme'...
Extension 'pkief.material-icon-theme' v5.10.0 was successfully installed.

FaroSystemAppender constructor
Installing extensions...
Installing extension 'sdras.night-owl'...
Extension 'sdras.night-owl' v2.0.1 was successfully installed.

FaroSystemAppender constructor
Installing extensions...
Installing extension 'hediet.vscode-drawio'...
Extension 'hediet.vscode-drawio' v1.6.6 was successfully installed.

FaroSystemAppender constructor
Installing extensions...
Installing extension 'yzhang.markdown-all-in-one'...
Extension 'yzhang.markdown-all-in-one' v3.6.2 was successfully installed.

FaroSystemAppender constructor
Installing extensions...
Extension 'bierner.github-markdown-preview' not found.
Make sure you use the full extension ID, including the publisher, e.g.: ms-dotnettools.csharp
Failed Installing Extensions: bierner.github-markdown-preview

FaroSystemAppender constructor
Installing extensions...
Installing extension 'yzane.markdown-pdf'...
Extension 'yzane.markdown-pdf' v1.5.0 was successfully installed.

FaroSystemAppender constructor
Installing extensions...
Installing extension 'humao.rest-client'...
Extension 'humao.rest-client' v0.26.0 was successfully installed.

FaroSystemAppender constructor
Installing extensions...
Installing extension 'rangav.vscode-thunder-client'...
Extension 'rangav.vscode-thunder-client' v2.25.2 was successfully installed.

FaroSystemAppender constructor
Installing extensions...
Installing extension 'grapecity.gc-excelviewer'...
Extension 'grapecity.gc-excelviewer' v4.2.58 was successfully installed.

FaroSystemAppender constructor
Installing extensions...
Installing extension 'johnpapa.vscode-peacock'...
Extension 'johnpapa.vscode-peacock' v4.2.2 was successfully installed.

FaroSystemAppender constructor
Installing extensions...
Installing extension 'alefragnani.project-manager'...
Extension 'alefragnani.project-manager' v12.8.0 was successfully installed.

FaroSystemAppender constructor
Installing extensions...
Extension 'frenco.vscode-notion' not found.
Make sure you use the full extension ID, including the publisher, e.g.: ms-dotnettools.csharp
Failed Installing Extensions: frenco.vscode-notion

FaroSystemAppender constructor
Installing extensions...
Installing extension 'naumovs.color-highlight'...
Extension 'naumovs.color-highlight' v2.8.0 was successfully installed.

FaroSystemAppender constructor
Installing extensions...
Installing extension 'ibm.output-colorizer'...
Extension 'ibm.output-colorizer' v0.1.2 was successfully installed.

FaroSystemAppender constructor
Installing extensions...
Installing extension 'alefragnani.bookmarks'...
Extension 'alefragnani.bookmarks' v13.5.0 was successfully installed.

FaroSystemAppender constructor
Installing extensions...
Extension 'mutantdino.resourcemonitor' not found.
Make sure you use the full extension ID, including the publisher, e.g.: ms-dotnettools.csharp
Failed Installing Extensions: mutantdino.resourcemonitor

FaroSystemAppender constructor
Installing extensions...
Extension 'ryu1kn.partial-diff' not found.
Make sure you use the full extension ID, including the publisher, e.g.: ms-dotnettools.csharp
Failed Installing Extensions: ryu1kn.partial-diff

FaroSystemAppender constructor
Installing extensions...
Installing extension 'ms-vscode.hexeditor'...
Extension 'ms-vscode.hexeditor' v1.10.0 was successfully installed.

FaroSystemAppender constructor
Installing extensions...
Extension 'davidlgoldberg.jumpy2' not found.
Make sure you use the full extension ID, including the publisher, e.g.: ms-dotnettools.csharp
Failed Installing Extensions: davidlgoldberg.jumpy2

FaroSystemAppender constructor
Installing extensions...
Installing extension 'christian-kohler.path-intellisense'...
Extension 'christian-kohler.path-intellisense' v2.8.0 was successfully installed.

FaroSystemAppender constructor
Installing extensions...
Extension 'chrmarti.regex' not found.
Make sure you use the full extension ID, including the publisher, e.g.: ms-dotnettools.csharp
Failed Installing Extensions: chrmarti.regex

FaroSystemAppender constructor
Installing extensions...
Installing extension 'gruntfuggly.todo-tree'...
Extension 'gruntfuggly.todo-tree' v0.0.215 was successfully installed.

FaroSystemAppender constructor
Installing extensions...
Installing extension 'oderwat.indent-rainbow'...
Extension 'oderwat.indent-rainbow' v8.3.1 was successfully installed.

FaroSystemAppender constructor
Installing extensions...
Installing extension 'usernamehw.errorlens'...
Extension 'usernamehw.errorlens' v3.20.0 was successfully installed.

FaroSystemAppender constructor
Installing extensions...
Extension 'mosapride.zenkaku' not found.
Make sure you use the full extension ID, including the publisher, e.g.: ms-dotnettools.csharp
Failed Installing Extensions: mosapride.zenkaku

FaroSystemAppender constructor
Installing extensions...
Extension 'visualstudioexptteam.vscodeintellicode' not found.
Make sure you use the full extension ID, including the publisher, e.g.: ms-dotnettools.csharp
Failed Installing Extensions: visualstudioexptteam.vscodeintellicode

FaroSystemAppender constructor
Installing extensions...
Installing extension 'wmaurer.change-case'...
Extension 'wmaurer.change-case' v1.0.0 was successfully installed.

FaroSystemAppender constructor
Installing extensions...
Installing extension 'streetsidesoftware.code-spell-checker'...
Extension 'streetsidesoftware.code-spell-checker' v3.0.1 was successfully installed.

FaroSystemAppender constructor
Installing extensions...
Installing extension 'formulahendry.code-runner'...
Extension 'formulahendry.code-runner' v0.12.2 was successfully installed.

FaroSystemAppender constructor
Installing extensions...
Installing extension 'hbenl.vscode-test-explorer'...
Extension 'hbenl.test-adapter-converter' v0.1.6 was successfully installed.
Extension 'hbenl.vscode-test-explorer' v2.21.1 was successfully installed.

FaroSystemAppender constructor
Installing extensions...
Error while installing extensions: Server returned 502
Server returned 502

FaroSystemAppender constructor
Installing extensions...
Installing extension 'redhat.vscode-yaml'...
Extension 'redhat.vscode-yaml' v1.15.0 was successfully installed.

FaroSystemAppender constructor
Installing extensions...
Installing extension 'tamasfe.even-better-toml'...
Extension 'tamasfe.even-better-toml' v0.19.1 was successfully installed.

FaroSystemAppender constructor
Installing extensions...
Installing extension 'ryanluker.vscode-coverage-gutters'...
Extension 'ms-vscode.live-server' v0.4.14 was successfully installed.
Extension 'ryanluker.vscode-coverage-gutters' v2.11.1 was successfully installed.

FaroSystemAppender constructor
Installing extensions...
Installing extension 'eamodio.gitlens'...
Extension 'eamodio.gitlens' v15.4.0 was successfully installed.

FaroSystemAppender constructor
Installing extensions...
Installing extension 'mhutchie.git-graph'...
Extension 'mhutchie.git-graph' v1.30.0 was successfully installed.

FaroSystemAppender constructor
Installing extensions...
Installing extension 'donjayamanne.githistory'...
Extension 'donjayamanne.githistory' v0.6.20 was successfully installed.

FaroSystemAppender constructor
Installing extensions...
Installing extension 'github.vscode-pull-request-github'...
Extension 'github.vscode-pull-request-github' v0.92.0 was successfully installed.

FaroSystemAppender constructor
Installing extensions...
Installing extension 'github.vscode-github-actions'...
Extension 'github.vscode-github-actions' v0.26.3 was successfully installed.

FaroSystemAppender constructor
Installing extensions...
Installing extension 'codezombiech.gitignore'...
Extension 'codezombiech.gitignore' v0.9.0 was successfully installed.

FaroSystemAppender constructor
Installing extensions...
Installing extension 'ultram4rine.vscode-choosealicense'...
Extension 'ultram4rine.vscode-choosealicense' v0.9.4 was successfully installed.

FaroSystemAppender constructor
Installing extensions...
Installing extension 'ritwickdey.liveserver'...
Extension 'ritwickdey.liveserver' v5.7.9 was successfully installed.

FaroSystemAppender constructor
Installing extensions...
Installing extension 'formulahendry.auto-close-tag'...
Extension 'formulahendry.auto-close-tag' v0.5.15 was successfully installed.

FaroSystemAppender constructor
Installing extensions...
Installing extension 'formulahendry.auto-rename-tag'...
Extension 'formulahendry.auto-rename-tag' v0.1.10 was successfully installed.

FaroSystemAppender constructor
Installing extensions...
Installing extension 'ecmel.vscode-html-css'...
Extension 'ecmel.vscode-html-css' v2.0.10 was successfully installed.

FaroSystemAppender constructor
Installing extensions...
Installing extension 'esbenp.prettier-vscode'...
Extension 'esbenp.prettier-vscode' v11.0.0 was successfully installed.

FaroSystemAppender constructor
Installing extensions...
Installing extension 'dbaeumer.vscode-eslint'...
Extension 'dbaeumer.vscode-eslint' v3.0.10 was successfully installed.

FaroSystemAppender constructor
Installing extensions...
Installing extension 'xabikos.javascriptsnippets'...
Extension 'xabikos.javascriptsnippets' v1.8.0 was successfully installed.

FaroSystemAppender constructor
Installing extensions...
Extension 'wallabyjs.quokka-vscode' not found.
Make sure you use the full extension ID, including the publisher, e.g.: ms-dotnettools.csharp
Failed Installing Extensions: wallabyjs.quokka-vscode

FaroSystemAppender constructor
Installing extensions...
Installing extension 'christian-kohler.npm-intellisense'...
Extension 'christian-kohler.npm-intellisense' v1.4.5 was successfully installed.

FaroSystemAppender constructor
Installing extensions...
Installing extension 'ms-python.python'...
Extension 'ms-python.python' v2024.5.1 was successfully installed.
Extension 'anysphere.pyright' v1.1.327 was successfully installed.

FaroSystemAppender constructor
Installing extensions...
Installing extension 'kevinrose.vsc-python-indent'...
Extension 'kevinrose.vsc-python-indent' v1.18.0 was successfully installed.

FaroSystemAppender constructor
Installing extensions...
Installing extension 'njpwerner.autodocstring'...
Extension 'njpwerner.autodocstring' v0.6.1 was successfully installed.

FaroSystemAppender constructor
Installing extensions...
Installing extension 'ms-python.black-formatter'...
Extension 'ms-python.black-formatter' v2024.2.0 was successfully installed.

FaroSystemAppender constructor
Installing extensions...
Installing extension 'charliermarsh.ruff'...
Extension 'charliermarsh.ruff' v2024.44.0 was successfully installed.

FaroSystemAppender constructor
Installing extensions...
Installing extension 'ms-python.isort'...
Extension 'ms-python.isort' v2023.10.1 was successfully installed.

FaroSystemAppender constructor
Installing extensions...
Installing extension 'ms-toolsai.jupyter'...
Extension 'ms-toolsai.vscode-jupyter-slideshow' v0.1.6 was successfully installed.
Extension 'ms-toolsai.vscode-jupyter-cell-tags' v0.1.9 was successfully installed.
Extension 'ms-toolsai.jupyter-renderers' v1.0.19 was successfully installed.
Extension 'ms-toolsai.jupyter' v2024.6.0 was successfully installed.

FaroSystemAppender constructor
Installing extensions...
Extension 'ms-toolsai.datawrangler' not found.
Make sure you use the full extension ID, including the publisher, e.g.: ms-dotnettools.csharp
Failed Installing Extensions: ms-toolsai.datawrangler

FaroSystemAppender constructor
Installing extensions...
Extension 'sbsnippets.pytorch-snippets' not found.
Make sure you use the full extension ID, including the publisher, e.g.: ms-dotnettools.csharp
Failed Installing Extensions: sbsnippets.pytorch-snippets

FaroSystemAppender constructor
Installing extensions...
Installing extension 'batisteo.vscode-django'...
Extension 'batisteo.vscode-django' v1.8.0 was successfully installed.

FaroSystemAppender constructor
Installing extensions...
Installing extension 'vscjava.vscode-java-pack'...
Extension 'vscjava.vscode-java-dependency' v0.23.7 was successfully installed.
Extension 'vscjava.vscode-java-debug' v0.58.0 was successfully installed.
Extension 'vscjava.vscode-java-test' v0.42.0 was successfully installed.
Extension 'vscjava.vscode-java-pack' v0.29.0 was successfully installed.
Extension 'vscjava.vscode-maven' v0.44.0 was successfully installed.
Extension 'vscjava.vscode-gradle' v3.15.0 was successfully installed.
Extension 'redhat.java' v1.34.0 was successfully installed.

FaroSystemAppender constructor
Installing extensions...
Installing extension 'vmware.vscode-boot-dev-pack'...
Extension 'vscjava.vscode-spring-initializr' v0.11.2 was successfully installed.
Extension 'vscjava.vscode-spring-boot-dashboard' v0.14.0 was successfully installed.
Extension 'vmware.vscode-boot-dev-pack' v0.1.0 was successfully installed.
Extension 'vmware.vscode-spring-boot' v1.56.0 was successfully installed.

FaroSystemAppender constructor
Installing extensions...
Extension 'vscjava.vscode-lombok' not found.
Make sure you use the full extension ID, including the publisher, e.g.: ms-dotnettools.csharp
Failed Installing Extensions: vscjava.vscode-lombok
